23-Sep-2023 16:46:37.873 INFO [main] org.apache.catalina.startup.VersionLoggerListener.log Server version name:   Apache Tomcat/9.0.80
23-Sep-2023 16:46:37.876 INFO [main] org.apache.catalina.startup.VersionLoggerListener.log Server built:          Aug 23 2023 21:59:38 UTC
23-Sep-2023 16:46:37.876 INFO [main] org.apache.catalina.startup.VersionLoggerListener.log Server version number: 9.0.80.0
23-Sep-2023 16:46:37.876 INFO [main] org.apache.catalina.startup.VersionLoggerListener.log OS Name:               Windows 10
23-Sep-2023 16:46:37.876 INFO [main] org.apache.catalina.startup.VersionLoggerListener.log OS Version:            10.0
23-Sep-2023 16:46:37.876 INFO [main] org.apache.catalina.startup.VersionLoggerListener.log Architecture:          amd64
23-Sep-2023 16:46:37.876 INFO [main] org.apache.catalina.startup.VersionLoggerListener.log Java Home:             C:\Program Files\Java\jdk1.8.0_202\jre
23-Sep-2023 16:46:37.876 INFO [main] org.apache.catalina.startup.VersionLoggerListener.log JVM Version:           1.8.0_202-b08
23-Sep-2023 16:46:37.877 INFO [main] org.apache.catalina.startup.VersionLoggerListener.log JVM Vendor:            Oracle Corporation
23-Sep-2023 16:46:37.877 INFO [main] org.apache.catalina.startup.VersionLoggerListener.log CATALINA_BASE:         D:\MAHAGAN CLASS\MahagnSoftRepo\Spring_MVC_21.09.23\Spring-MVC-Hospitals-And-Doctors-Web-App
23-Sep-2023 16:46:37.877 INFO [main] org.apache.catalina.startup.VersionLoggerListener.log CATALINA_HOME:         C:\Program Files\apache-tomcat-9.0.80
23-Sep-2023 16:46:37.878 INFO [main] org.apache.catalina.startup.VersionLoggerListener.log Command line argument: -Dcatalina.home=C:\Program Files\apache-tomcat-9.0.80
23-Sep-2023 16:46:37.878 INFO [main] org.apache.catalina.startup.VersionLoggerListener.log Command line argument: -Dcatalina.base=D:\MAHAGAN CLASS\MahagnSoftRepo\Spring_MVC_21.09.23\Spring-MVC-Hospitals-And-Doctors-Web-App
23-Sep-2023 16:46:37.878 INFO [main] org.apache.catalina.startup.VersionLoggerListener.log Command line argument: -Djava.io.tmpdir=D:\MAHAGAN CLASS\MahagnSoftRepo\Spring_MVC_21.09.23\Spring-MVC-Hospitals-And-Doctors-Web-App\temp
23-Sep-2023 16:46:37.878 INFO [main] org.apache.catalina.startup.VersionLoggerListener.log Command line argument: -Djava.util.logging.config.file=D:\MAHAGAN CLASS\MahagnSoftRepo\Spring_MVC_21.09.23\Spring-MVC-Hospitals-And-Doctors-Web-App\conf\logging.properties
23-Sep-2023 16:46:37.880 INFO [main] org.apache.catalina.startup.VersionLoggerListener.log Command line argument: -Djava.util.logging.manager=org.apache.juli.ClassLoaderLogManager
23-Sep-2023 16:46:37.880 INFO [main] org.apache.catalina.startup.VersionLoggerListener.log Command line argument: -javaagent:C:\Program Files\JetBrains\IntelliJ IDEA Community Edition 2022.3.2\lib\idea_rt.jar=58531:C:\Program Files\JetBrains\IntelliJ IDEA Community Edition 2022.3.2\bin
23-Sep-2023 16:46:37.880 INFO [main] org.apache.catalina.startup.VersionLoggerListener.log Command line argument: -Dfile.encoding=UTF-8
23-Sep-2023 16:46:37.883 INFO [main] org.apache.catalina.core.AprLifecycleListener.lifecycleEvent Loaded Apache Tomcat Native library [1.2.38] using APR version [1.7.4].
23-Sep-2023 16:46:37.884 INFO [main] org.apache.catalina.core.AprLifecycleListener.lifecycleEvent APR capabilities: IPv6 [true], sendfile [true], accept filters [false], random [true], UDS [true].
23-Sep-2023 16:46:37.884 INFO [main] org.apache.catalina.core.AprLifecycleListener.lifecycleEvent APR/OpenSSL configuration: useAprConnector [false], useOpenSSL [true]
23-Sep-2023 16:46:37.889 INFO [main] org.apache.catalina.core.AprLifecycleListener.initializeSSL OpenSSL successfully initialized [OpenSSL 1.1.1v  1 Aug 2023]
23-Sep-2023 16:46:38.650 INFO [main] org.apache.coyote.AbstractProtocol.init Initializing ProtocolHandler ["http-nio-8080"]
23-Sep-2023 16:46:38.676 INFO [main] org.apache.catalina.startup.Catalina.load Server initialization in [1138] milliseconds
23-Sep-2023 16:46:38.741 INFO [main] org.apache.catalina.core.StandardService.startInternal Starting service [Catalina]
23-Sep-2023 16:46:38.742 INFO [main] org.apache.catalina.core.StandardEngine.startInternal Starting Servlet engine: [Apache Tomcat/9.0.80]
23-Sep-2023 16:46:38.765 INFO [main] org.apache.catalina.startup.HostConfig.deployDescriptor Deploying deployment descriptor [D:\MAHAGAN CLASS\MahagnSoftRepo\Spring_MVC_21.09.23\Spring-MVC-Hospitals-And-Doctors-Web-App\conf\Catalina\localhost\Spring-MVC-Hospitals-And-Doctors-Web-App.xml]
23-Sep-2023 16:46:43.802 INFO [main] org.apache.jasper.servlet.TldScanner.scanJars At least one JAR was scanned for TLDs yet contained no TLDs. Enable debug logging for this logger for a complete list of JARs that were scanned but no TLDs were found in them. Skipping unneeded JARs during scanning can improve startup time and JSP compilation time.
23-Sep-2023 16:46:44.089 WARNING [main] org.apache.catalina.util.SessionIdGeneratorBase.createSecureRandom Creation of SecureRandom instance for session ID generation using [SHA1PRNG] took [247] milliseconds.
23-Sep-2023 16:46:44.110 INFO [main] org.apache.catalina.startup.HostConfig.deployDescriptor Deployment of deployment descriptor [D:\MAHAGAN CLASS\MahagnSoftRepo\Spring_MVC_21.09.23\Spring-MVC-Hospitals-And-Doctors-Web-App\conf\Catalina\localhost\Spring-MVC-Hospitals-And-Doctors-Web-App.xml] has finished in [5,344] ms
23-Sep-2023 16:46:44.113 INFO [main] org.apache.coyote.AbstractProtocol.start Starting ProtocolHandler ["http-nio-8080"]
23-Sep-2023 16:46:44.137 INFO [main] org.apache.catalina.startup.Catalina.start Server startup in [5460] milliseconds
23-Sep-2023 16:47:13.150 INFO [Thread-2] org.apache.coyote.AbstractProtocol.pause Pausing ProtocolHandler ["http-nio-8080"]
23-Sep-2023 16:47:13.354 INFO [Thread-2] org.apache.catalina.core.StandardService.stopInternal Stopping service [Catalina]
23-Sep-2023 16:47:13.364 INFO [Thread-2] org.apache.coyote.AbstractProtocol.stop Stopping ProtocolHandler ["http-nio-8080"]
23-Sep-2023 16:47:13.397 INFO [Thread-2] org.apache.coyote.AbstractProtocol.destroy Destroying ProtocolHandler ["http-nio-8080"]
23-Sep-2023 16:47:19.953 INFO [main] org.apache.catalina.startup.VersionLoggerListener.log Server version name:   Apache Tomcat/9.0.80
23-Sep-2023 16:47:19.957 INFO [main] org.apache.catalina.startup.VersionLoggerListener.log Server built:          Aug 23 2023 21:59:38 UTC
23-Sep-2023 16:47:19.957 INFO [main] org.apache.catalina.startup.VersionLoggerListener.log Server version number: 9.0.80.0
23-Sep-2023 16:47:19.957 INFO [main] org.apache.catalina.startup.VersionLoggerListener.log OS Name:               Windows 10
23-Sep-2023 16:47:19.957 INFO [main] org.apache.catalina.startup.VersionLoggerListener.log OS Version:            10.0
23-Sep-2023 16:47:19.957 INFO [main] org.apache.catalina.startup.VersionLoggerListener.log Architecture:          amd64
23-Sep-2023 16:47:19.957 INFO [main] org.apache.catalina.startup.VersionLoggerListener.log Java Home:             C:\Program Files\Java\jdk1.8.0_202\jre
23-Sep-2023 16:47:19.957 INFO [main] org.apache.catalina.startup.VersionLoggerListener.log JVM Version:           1.8.0_202-b08
23-Sep-2023 16:47:19.958 INFO [main] org.apache.catalina.startup.VersionLoggerListener.log JVM Vendor:            Oracle Corporation
23-Sep-2023 16:47:19.958 INFO [main] org.apache.catalina.startup.VersionLoggerListener.log CATALINA_BASE:         D:\MAHAGAN CLASS\MahagnSoftRepo\Spring_MVC_21.09.23\Spring-MVC-Hospitals-And-Doctors-Web-App
23-Sep-2023 16:47:19.958 INFO [main] org.apache.catalina.startup.VersionLoggerListener.log CATALINA_HOME:         C:\Program Files\apache-tomcat-9.0.80
23-Sep-2023 16:47:19.959 INFO [main] org.apache.catalina.startup.VersionLoggerListener.log Command line argument: -Dcatalina.home=C:\Program Files\apache-tomcat-9.0.80
23-Sep-2023 16:47:19.959 INFO [main] org.apache.catalina.startup.VersionLoggerListener.log Command line argument: -Dcatalina.base=D:\MAHAGAN CLASS\MahagnSoftRepo\Spring_MVC_21.09.23\Spring-MVC-Hospitals-And-Doctors-Web-App
23-Sep-2023 16:47:19.959 INFO [main] org.apache.catalina.startup.VersionLoggerListener.log Command line argument: -Djava.io.tmpdir=D:\MAHAGAN CLASS\MahagnSoftRepo\Spring_MVC_21.09.23\Spring-MVC-Hospitals-And-Doctors-Web-App\temp
23-Sep-2023 16:47:19.960 INFO [main] org.apache.catalina.startup.VersionLoggerListener.log Command line argument: -Djava.util.logging.config.file=D:\MAHAGAN CLASS\MahagnSoftRepo\Spring_MVC_21.09.23\Spring-MVC-Hospitals-And-Doctors-Web-App\conf\logging.properties
23-Sep-2023 16:47:19.960 INFO [main] org.apache.catalina.startup.VersionLoggerListener.log Command line argument: -Djava.util.logging.manager=org.apache.juli.ClassLoaderLogManager
23-Sep-2023 16:47:19.960 INFO [main] org.apache.catalina.startup.VersionLoggerListener.log Command line argument: -javaagent:C:\Program Files\JetBrains\IntelliJ IDEA Community Edition 2022.3.2\lib\idea_rt.jar=58558:C:\Program Files\JetBrains\IntelliJ IDEA Community Edition 2022.3.2\bin
23-Sep-2023 16:47:19.960 INFO [main] org.apache.catalina.startup.VersionLoggerListener.log Command line argument: -Dfile.encoding=UTF-8
23-Sep-2023 16:47:19.965 INFO [main] org.apache.catalina.core.AprLifecycleListener.lifecycleEvent Loaded Apache Tomcat Native library [1.2.38] using APR version [1.7.4].
23-Sep-2023 16:47:19.966 INFO [main] org.apache.catalina.core.AprLifecycleListener.lifecycleEvent APR capabilities: IPv6 [true], sendfile [true], accept filters [false], random [true], UDS [true].
23-Sep-2023 16:47:19.966 INFO [main] org.apache.catalina.core.AprLifecycleListener.lifecycleEvent APR/OpenSSL configuration: useAprConnector [false], useOpenSSL [true]
23-Sep-2023 16:47:19.972 INFO [main] org.apache.catalina.core.AprLifecycleListener.initializeSSL OpenSSL successfully initialized [OpenSSL 1.1.1v  1 Aug 2023]
23-Sep-2023 16:47:20.649 INFO [main] org.apache.coyote.AbstractProtocol.init Initializing ProtocolHandler ["http-nio-8080"]
23-Sep-2023 16:47:20.718 INFO [main] org.apache.catalina.startup.Catalina.load Server initialization in [1130] milliseconds
23-Sep-2023 16:47:20.774 INFO [main] org.apache.catalina.core.StandardService.startInternal Starting service [Catalina]
23-Sep-2023 16:47:20.775 INFO [main] org.apache.catalina.core.StandardEngine.startInternal Starting Servlet engine: [Apache Tomcat/9.0.80]
23-Sep-2023 16:47:20.809 INFO [main] org.apache.catalina.startup.HostConfig.deployDescriptor Deploying deployment descriptor [D:\MAHAGAN CLASS\MahagnSoftRepo\Spring_MVC_21.09.23\Spring-MVC-Hospitals-And-Doctors-Web-App\conf\Catalina\localhost\Spring-MVC-Hospitals-And-Doctors-Web-App.xml]
23-Sep-2023 16:47:26.231 INFO [main] org.apache.jasper.servlet.TldScanner.scanJars At least one JAR was scanned for TLDs yet contained no TLDs. Enable debug logging for this logger for a complete list of JARs that were scanned but no TLDs were found in them. Skipping unneeded JARs during scanning can improve startup time and JSP compilation time.
23-Sep-2023 16:47:26.560 WARNING [main] org.apache.catalina.util.SessionIdGeneratorBase.createSecureRandom Creation of SecureRandom instance for session ID generation using [SHA1PRNG] took [243] milliseconds.
23-Sep-2023 16:47:26.593 INFO [main] org.apache.catalina.startup.HostConfig.deployDescriptor Deployment of deployment descriptor [D:\MAHAGAN CLASS\MahagnSoftRepo\Spring_MVC_21.09.23\Spring-MVC-Hospitals-And-Doctors-Web-App\conf\Catalina\localhost\Spring-MVC-Hospitals-And-Doctors-Web-App.xml] has finished in [5,783] ms
23-Sep-2023 16:47:26.600 INFO [main] org.apache.coyote.AbstractProtocol.start Starting ProtocolHandler ["http-nio-8080"]
23-Sep-2023 16:47:26.625 INFO [main] org.apache.catalina.startup.Catalina.start Server startup in [5906] milliseconds
23-Sep-2023 16:47:58.329 INFO [Thread-2] org.apache.coyote.AbstractProtocol.pause Pausing ProtocolHandler ["http-nio-8080"]
23-Sep-2023 16:47:58.494 INFO [Thread-2] org.apache.catalina.core.StandardService.stopInternal Stopping service [Catalina]
23-Sep-2023 16:47:58.507 INFO [Thread-2] org.apache.coyote.AbstractProtocol.stop Stopping ProtocolHandler ["http-nio-8080"]
23-Sep-2023 16:47:58.521 INFO [Thread-2] org.apache.coyote.AbstractProtocol.destroy Destroying ProtocolHandler ["http-nio-8080"]
23-Sep-2023 16:48:04.247 INFO [main] org.apache.catalina.startup.VersionLoggerListener.log Server version name:   Apache Tomcat/9.0.80
23-Sep-2023 16:48:04.250 INFO [main] org.apache.catalina.startup.VersionLoggerListener.log Server built:          Aug 23 2023 21:59:38 UTC
23-Sep-2023 16:48:04.250 INFO [main] org.apache.catalina.startup.VersionLoggerListener.log Server version number: 9.0.80.0
23-Sep-2023 16:48:04.250 INFO [main] org.apache.catalina.startup.VersionLoggerListener.log OS Name:               Windows 10
23-Sep-2023 16:48:04.250 INFO [main] org.apache.catalina.startup.VersionLoggerListener.log OS Version:            10.0
23-Sep-2023 16:48:04.250 INFO [main] org.apache.catalina.startup.VersionLoggerListener.log Architecture:          amd64
23-Sep-2023 16:48:04.250 INFO [main] org.apache.catalina.startup.VersionLoggerListener.log Java Home:             C:\Program Files\Java\jdk1.8.0_202\jre
23-Sep-2023 16:48:04.250 INFO [main] org.apache.catalina.startup.VersionLoggerListener.log JVM Version:           1.8.0_202-b08
23-Sep-2023 16:48:04.251 INFO [main] org.apache.catalina.startup.VersionLoggerListener.log JVM Vendor:            Oracle Corporation
23-Sep-2023 16:48:04.251 INFO [main] org.apache.catalina.startup.VersionLoggerListener.log CATALINA_BASE:         D:\MAHAGAN CLASS\MahagnSoftRepo\Spring_MVC_21.09.23\Spring-MVC-Hospitals-And-Doctors-Web-App
23-Sep-2023 16:48:04.251 INFO [main] org.apache.catalina.startup.VersionLoggerListener.log CATALINA_HOME:         C:\Program Files\apache-tomcat-9.0.80
23-Sep-2023 16:48:04.252 INFO [main] org.apache.catalina.startup.VersionLoggerListener.log Command line argument: -Dcatalina.home=C:\Program Files\apache-tomcat-9.0.80
23-Sep-2023 16:48:04.253 INFO [main] org.apache.catalina.startup.VersionLoggerListener.log Command line argument: -Dcatalina.base=D:\MAHAGAN CLASS\MahagnSoftRepo\Spring_MVC_21.09.23\Spring-MVC-Hospitals-And-Doctors-Web-App
23-Sep-2023 16:48:04.253 INFO [main] org.apache.catalina.startup.VersionLoggerListener.log Command line argument: -Djava.io.tmpdir=D:\MAHAGAN CLASS\MahagnSoftRepo\Spring_MVC_21.09.23\Spring-MVC-Hospitals-And-Doctors-Web-App\temp
23-Sep-2023 16:48:04.253 INFO [main] org.apache.catalina.startup.VersionLoggerListener.log Command line argument: -Djava.util.logging.config.file=D:\MAHAGAN CLASS\MahagnSoftRepo\Spring_MVC_21.09.23\Spring-MVC-Hospitals-And-Doctors-Web-App\conf\logging.properties
23-Sep-2023 16:48:04.253 INFO [main] org.apache.catalina.startup.VersionLoggerListener.log Command line argument: -Djava.util.logging.manager=org.apache.juli.ClassLoaderLogManager
23-Sep-2023 16:48:04.253 INFO [main] org.apache.catalina.startup.VersionLoggerListener.log Command line argument: -javaagent:C:\Program Files\JetBrains\IntelliJ IDEA Community Edition 2022.3.2\lib\idea_rt.jar=58599:C:\Program Files\JetBrains\IntelliJ IDEA Community Edition 2022.3.2\bin
23-Sep-2023 16:48:04.253 INFO [main] org.apache.catalina.startup.VersionLoggerListener.log Command line argument: -Dfile.encoding=UTF-8
23-Sep-2023 16:48:04.259 INFO [main] org.apache.catalina.core.AprLifecycleListener.lifecycleEvent Loaded Apache Tomcat Native library [1.2.38] using APR version [1.7.4].
23-Sep-2023 16:48:04.259 INFO [main] org.apache.catalina.core.AprLifecycleListener.lifecycleEvent APR capabilities: IPv6 [true], sendfile [true], accept filters [false], random [true], UDS [true].
23-Sep-2023 16:48:04.259 INFO [main] org.apache.catalina.core.AprLifecycleListener.lifecycleEvent APR/OpenSSL configuration: useAprConnector [false], useOpenSSL [true]
23-Sep-2023 16:48:04.265 INFO [main] org.apache.catalina.core.AprLifecycleListener.initializeSSL OpenSSL successfully initialized [OpenSSL 1.1.1v  1 Aug 2023]
23-Sep-2023 16:48:04.946 INFO [main] org.apache.coyote.AbstractProtocol.init Initializing ProtocolHandler ["http-nio-8080"]
23-Sep-2023 16:48:04.994 INFO [main] org.apache.catalina.startup.Catalina.load Server initialization in [1091] milliseconds
23-Sep-2023 16:48:05.062 INFO [main] org.apache.catalina.core.StandardService.startInternal Starting service [Catalina]
23-Sep-2023 16:48:05.063 INFO [main] org.apache.catalina.core.StandardEngine.startInternal Starting Servlet engine: [Apache Tomcat/9.0.80]
23-Sep-2023 16:48:05.089 INFO [main] org.apache.catalina.startup.HostConfig.deployDescriptor Deploying deployment descriptor [D:\MAHAGAN CLASS\MahagnSoftRepo\Spring_MVC_21.09.23\Spring-MVC-Hospitals-And-Doctors-Web-App\conf\Catalina\localhost\Spring-MVC-Hospitals-And-Doctors-Web-App.xml]
23-Sep-2023 16:48:10.722 INFO [main] org.apache.jasper.servlet.TldScanner.scanJars At least one JAR was scanned for TLDs yet contained no TLDs. Enable debug logging for this logger for a complete list of JARs that were scanned but no TLDs were found in them. Skipping unneeded JARs during scanning can improve startup time and JSP compilation time.
23-Sep-2023 16:48:11.215 WARNING [main] org.apache.catalina.util.SessionIdGeneratorBase.createSecureRandom Creation of SecureRandom instance for session ID generation using [SHA1PRNG] took [345] milliseconds.
23-Sep-2023 16:48:11.434 INFO [main] org.springframework.web.servlet.FrameworkServlet.initServletBean Initializing Servlet 'spring'
23-Sep-2023 16:48:14.468 INFO [main] org.springframework.web.servlet.FrameworkServlet.initServletBean Completed initialization in 3033 ms
23-Sep-2023 16:48:14.488 INFO [main] org.apache.catalina.startup.HostConfig.deployDescriptor Deployment of deployment descriptor [D:\MAHAGAN CLASS\MahagnSoftRepo\Spring_MVC_21.09.23\Spring-MVC-Hospitals-And-Doctors-Web-App\conf\Catalina\localhost\Spring-MVC-Hospitals-And-Doctors-Web-App.xml] has finished in [9,398] ms
23-Sep-2023 16:48:14.496 INFO [main] org.apache.coyote.AbstractProtocol.start Starting ProtocolHandler ["http-nio-8080"]
23-Sep-2023 16:48:14.522 INFO [main] org.apache.catalina.startup.Catalina.start Server startup in [9529] milliseconds
23-Sep-2023 16:48:22.094 WARNING [http-nio-8080-exec-5] org.springframework.web.servlet.DispatcherServlet.noHandlerFound No mapping for GET /Spring-MVC-Hospitals-And-Doctors-Web-App/doctorsearchform
23-Sep-2023 16:52:04.186 INFO [Thread-2] org.apache.coyote.AbstractProtocol.pause Pausing ProtocolHandler ["http-nio-8080"]
23-Sep-2023 16:52:04.359 INFO [Thread-2] org.apache.catalina.core.StandardService.stopInternal Stopping service [Catalina]
23-Sep-2023 16:52:04.523 WARNING [Thread-2] org.apache.catalina.loader.WebappClassLoaderBase.clearReferencesJdbc The web application [Spring-MVC-Hospitals-And-Doctors-Web-App] registered the JDBC driver [com.mysql.cj.jdbc.Driver] but failed to unregister it when the web application was stopped. To prevent a memory leak, the JDBC Driver has been forcibly unregistered.
23-Sep-2023 16:52:04.525 WARNING [Thread-2] org.apache.catalina.loader.WebappClassLoaderBase.clearReferencesThreads The web application [Spring-MVC-Hospitals-And-Doctors-Web-App] appears to have started a thread named [mysql-cj-abandoned-connection-cleanup] but has failed to stop it. This is very likely to create a memory leak. Stack trace of thread:
 java.lang.Object.wait(Native Method)
 java.lang.ref.ReferenceQueue.remove(ReferenceQueue.java:144)
 com.mysql.cj.jdbc.AbandonedConnectionCleanupThread.run(AbandonedConnectionCleanupThread.java:91)
 java.util.concurrent.ThreadPoolExecutor.runWorker(ThreadPoolExecutor.java:1149)
 java.util.concurrent.ThreadPoolExecutor$Worker.run(ThreadPoolExecutor.java:624)
 java.lang.Thread.run(Thread.java:748)
23-Sep-2023 16:52:04.530 INFO [Thread-2] org.apache.coyote.AbstractProtocol.stop Stopping ProtocolHandler ["http-nio-8080"]
23-Sep-2023 16:52:04.538 INFO [Thread-2] org.apache.coyote.AbstractProtocol.destroy Destroying ProtocolHandler ["http-nio-8080"]
23-Sep-2023 16:52:09.719 INFO [main] org.apache.catalina.startup.VersionLoggerListener.log Server version name:   Apache Tomcat/9.0.80
23-Sep-2023 16:52:09.724 INFO [main] org.apache.catalina.startup.VersionLoggerListener.log Server built:          Aug 23 2023 21:59:38 UTC
23-Sep-2023 16:52:09.724 INFO [main] org.apache.catalina.startup.VersionLoggerListener.log Server version number: 9.0.80.0
23-Sep-2023 16:52:09.724 INFO [main] org.apache.catalina.startup.VersionLoggerListener.log OS Name:               Windows 10
23-Sep-2023 16:52:09.724 INFO [main] org.apache.catalina.startup.VersionLoggerListener.log OS Version:            10.0
23-Sep-2023 16:52:09.724 INFO [main] org.apache.catalina.startup.VersionLoggerListener.log Architecture:          amd64
23-Sep-2023 16:52:09.724 INFO [main] org.apache.catalina.startup.VersionLoggerListener.log Java Home:             C:\Program Files\Java\jdk1.8.0_202\jre
23-Sep-2023 16:52:09.724 INFO [main] org.apache.catalina.startup.VersionLoggerListener.log JVM Version:           1.8.0_202-b08
23-Sep-2023 16:52:09.724 INFO [main] org.apache.catalina.startup.VersionLoggerListener.log JVM Vendor:            Oracle Corporation
23-Sep-2023 16:52:09.725 INFO [main] org.apache.catalina.startup.VersionLoggerListener.log CATALINA_BASE:         D:\MAHAGAN CLASS\MahagnSoftRepo\Spring_MVC_21.09.23\Spring-MVC-Hospitals-And-Doctors-Web-App
23-Sep-2023 16:52:09.725 INFO [main] org.apache.catalina.startup.VersionLoggerListener.log CATALINA_HOME:         C:\Program Files\apache-tomcat-9.0.80
23-Sep-2023 16:52:09.727 INFO [main] org.apache.catalina.startup.VersionLoggerListener.log Command line argument: -Dcatalina.home=C:\Program Files\apache-tomcat-9.0.80
23-Sep-2023 16:52:09.727 INFO [main] org.apache.catalina.startup.VersionLoggerListener.log Command line argument: -Dcatalina.base=D:\MAHAGAN CLASS\MahagnSoftRepo\Spring_MVC_21.09.23\Spring-MVC-Hospitals-And-Doctors-Web-App
23-Sep-2023 16:52:09.727 INFO [main] org.apache.catalina.startup.VersionLoggerListener.log Command line argument: -Djava.io.tmpdir=D:\MAHAGAN CLASS\MahagnSoftRepo\Spring_MVC_21.09.23\Spring-MVC-Hospitals-And-Doctors-Web-App\temp
23-Sep-2023 16:52:09.727 INFO [main] org.apache.catalina.startup.VersionLoggerListener.log Command line argument: -Djava.util.logging.config.file=D:\MAHAGAN CLASS\MahagnSoftRepo\Spring_MVC_21.09.23\Spring-MVC-Hospitals-And-Doctors-Web-App\conf\logging.properties
23-Sep-2023 16:52:09.727 INFO [main] org.apache.catalina.startup.VersionLoggerListener.log Command line argument: -Djava.util.logging.manager=org.apache.juli.ClassLoaderLogManager
23-Sep-2023 16:52:09.727 INFO [main] org.apache.catalina.startup.VersionLoggerListener.log Command line argument: -javaagent:C:\Program Files\JetBrains\IntelliJ IDEA Community Edition 2022.3.2\lib\idea_rt.jar=58710:C:\Program Files\JetBrains\IntelliJ IDEA Community Edition 2022.3.2\bin
23-Sep-2023 16:52:09.728 INFO [main] org.apache.catalina.startup.VersionLoggerListener.log Command line argument: -Dfile.encoding=UTF-8
23-Sep-2023 16:52:09.739 INFO [main] org.apache.catalina.core.AprLifecycleListener.lifecycleEvent Loaded Apache Tomcat Native library [1.2.38] using APR version [1.7.4].
23-Sep-2023 16:52:09.739 INFO [main] org.apache.catalina.core.AprLifecycleListener.lifecycleEvent APR capabilities: IPv6 [true], sendfile [true], accept filters [false], random [true], UDS [true].
23-Sep-2023 16:52:09.740 INFO [main] org.apache.catalina.core.AprLifecycleListener.lifecycleEvent APR/OpenSSL configuration: useAprConnector [false], useOpenSSL [true]
23-Sep-2023 16:52:09.747 INFO [main] org.apache.catalina.core.AprLifecycleListener.initializeSSL OpenSSL successfully initialized [OpenSSL 1.1.1v  1 Aug 2023]
23-Sep-2023 16:52:10.394 INFO [main] org.apache.coyote.AbstractProtocol.init Initializing ProtocolHandler ["http-nio-8080"]
23-Sep-2023 16:52:10.468 INFO [main] org.apache.catalina.startup.Catalina.load Server initialization in [1074] milliseconds
23-Sep-2023 16:52:10.516 INFO [main] org.apache.catalina.core.StandardService.startInternal Starting service [Catalina]
23-Sep-2023 16:52:10.517 INFO [main] org.apache.catalina.core.StandardEngine.startInternal Starting Servlet engine: [Apache Tomcat/9.0.80]
23-Sep-2023 16:52:10.540 INFO [main] org.apache.catalina.startup.HostConfig.deployDescriptor Deploying deployment descriptor [D:\MAHAGAN CLASS\MahagnSoftRepo\Spring_MVC_21.09.23\Spring-MVC-Hospitals-And-Doctors-Web-App\conf\Catalina\localhost\Spring-MVC-Hospitals-And-Doctors-Web-App.xml]
23-Sep-2023 16:52:15.814 INFO [main] org.apache.jasper.servlet.TldScanner.scanJars At least one JAR was scanned for TLDs yet contained no TLDs. Enable debug logging for this logger for a complete list of JARs that were scanned but no TLDs were found in them. Skipping unneeded JARs during scanning can improve startup time and JSP compilation time.
23-Sep-2023 16:52:16.112 WARNING [main] org.apache.catalina.util.SessionIdGeneratorBase.createSecureRandom Creation of SecureRandom instance for session ID generation using [SHA1PRNG] took [244] milliseconds.
23-Sep-2023 16:52:16.220 INFO [main] org.springframework.web.servlet.FrameworkServlet.initServletBean Initializing Servlet 'spring'
23-Sep-2023 16:52:19.082 INFO [main] org.springframework.web.servlet.FrameworkServlet.initServletBean Completed initialization in 2862 ms
23-Sep-2023 16:52:19.097 INFO [main] org.apache.catalina.startup.HostConfig.deployDescriptor Deployment of deployment descriptor [D:\MAHAGAN CLASS\MahagnSoftRepo\Spring_MVC_21.09.23\Spring-MVC-Hospitals-And-Doctors-Web-App\conf\Catalina\localhost\Spring-MVC-Hospitals-And-Doctors-Web-App.xml] has finished in [8,557] ms
23-Sep-2023 16:52:19.100 INFO [main] org.apache.coyote.AbstractProtocol.start Starting ProtocolHandler ["http-nio-8080"]
23-Sep-2023 16:52:19.123 INFO [main] org.apache.catalina.startup.Catalina.start Server startup in [8654] milliseconds
23-Sep-2023 16:52:26.842 WARNING [http-nio-8080-exec-2] org.springframework.web.servlet.DispatcherServlet.noHandlerFound No mapping for GET /Spring-MVC-Hospitals-And-Doctors-Web-App/doctorsearchform
23-Sep-2023 16:52:52.841 INFO [Thread-2] org.apache.coyote.AbstractProtocol.pause Pausing ProtocolHandler ["http-nio-8080"]
23-Sep-2023 16:52:53.053 INFO [Thread-2] org.apache.catalina.core.StandardService.stopInternal Stopping service [Catalina]
23-Sep-2023 16:52:53.065 WARNING [Thread-2] org.apache.catalina.loader.WebappClassLoaderBase.clearReferencesJdbc The web application [Spring-MVC-Hospitals-And-Doctors-Web-App] registered the JDBC driver [com.mysql.cj.jdbc.Driver] but failed to unregister it when the web application was stopped. To prevent a memory leak, the JDBC Driver has been forcibly unregistered.
23-Sep-2023 16:52:53.066 WARNING [Thread-2] org.apache.catalina.loader.WebappClassLoaderBase.clearReferencesThreads The web application [Spring-MVC-Hospitals-And-Doctors-Web-App] appears to have started a thread named [mysql-cj-abandoned-connection-cleanup] but has failed to stop it. This is very likely to create a memory leak. Stack trace of thread:
 java.lang.Object.wait(Native Method)
 java.lang.ref.ReferenceQueue.remove(ReferenceQueue.java:144)
 com.mysql.cj.jdbc.AbandonedConnectionCleanupThread.run(AbandonedConnectionCleanupThread.java:91)
 java.util.concurrent.ThreadPoolExecutor.runWorker(ThreadPoolExecutor.java:1149)
 java.util.concurrent.ThreadPoolExecutor$Worker.run(ThreadPoolExecutor.java:624)
 java.lang.Thread.run(Thread.java:748)
23-Sep-2023 16:52:53.226 INFO [Thread-2] org.apache.coyote.AbstractProtocol.stop Stopping ProtocolHandler ["http-nio-8080"]
23-Sep-2023 16:52:53.250 INFO [Thread-2] org.apache.coyote.AbstractProtocol.destroy Destroying ProtocolHandler ["http-nio-8080"]
23-Sep-2023 16:52:58.331 INFO [main] org.apache.catalina.startup.VersionLoggerListener.log Server version name:   Apache Tomcat/9.0.80
23-Sep-2023 16:52:58.335 INFO [main] org.apache.catalina.startup.VersionLoggerListener.log Server built:          Aug 23 2023 21:59:38 UTC
23-Sep-2023 16:52:58.335 INFO [main] org.apache.catalina.startup.VersionLoggerListener.log Server version number: 9.0.80.0
23-Sep-2023 16:52:58.335 INFO [main] org.apache.catalina.startup.VersionLoggerListener.log OS Name:               Windows 10
23-Sep-2023 16:52:58.335 INFO [main] org.apache.catalina.startup.VersionLoggerListener.log OS Version:            10.0
23-Sep-2023 16:52:58.335 INFO [main] org.apache.catalina.startup.VersionLoggerListener.log Architecture:          amd64
23-Sep-2023 16:52:58.335 INFO [main] org.apache.catalina.startup.VersionLoggerListener.log Java Home:             C:\Program Files\Java\jdk1.8.0_202\jre
23-Sep-2023 16:52:58.335 INFO [main] org.apache.catalina.startup.VersionLoggerListener.log JVM Version:           1.8.0_202-b08
23-Sep-2023 16:52:58.336 INFO [main] org.apache.catalina.startup.VersionLoggerListener.log JVM Vendor:            Oracle Corporation
23-Sep-2023 16:52:58.336 INFO [main] org.apache.catalina.startup.VersionLoggerListener.log CATALINA_BASE:         D:\MAHAGAN CLASS\MahagnSoftRepo\Spring_MVC_21.09.23\Spring-MVC-Hospitals-And-Doctors-Web-App
23-Sep-2023 16:52:58.336 INFO [main] org.apache.catalina.startup.VersionLoggerListener.log CATALINA_HOME:         C:\Program Files\apache-tomcat-9.0.80
23-Sep-2023 16:52:58.338 INFO [main] org.apache.catalina.startup.VersionLoggerListener.log Command line argument: -Dcatalina.home=C:\Program Files\apache-tomcat-9.0.80
23-Sep-2023 16:52:58.338 INFO [main] org.apache.catalina.startup.VersionLoggerListener.log Command line argument: -Dcatalina.base=D:\MAHAGAN CLASS\MahagnSoftRepo\Spring_MVC_21.09.23\Spring-MVC-Hospitals-And-Doctors-Web-App
23-Sep-2023 16:52:58.338 INFO [main] org.apache.catalina.startup.VersionLoggerListener.log Command line argument: -Djava.io.tmpdir=D:\MAHAGAN CLASS\MahagnSoftRepo\Spring_MVC_21.09.23\Spring-MVC-Hospitals-And-Doctors-Web-App\temp
23-Sep-2023 16:52:58.338 INFO [main] org.apache.catalina.startup.VersionLoggerListener.log Command line argument: -Djava.util.logging.config.file=D:\MAHAGAN CLASS\MahagnSoftRepo\Spring_MVC_21.09.23\Spring-MVC-Hospitals-And-Doctors-Web-App\conf\logging.properties
23-Sep-2023 16:52:58.339 INFO [main] org.apache.catalina.startup.VersionLoggerListener.log Command line argument: -Djava.util.logging.manager=org.apache.juli.ClassLoaderLogManager
23-Sep-2023 16:52:58.339 INFO [main] org.apache.catalina.startup.VersionLoggerListener.log Command line argument: -javaagent:C:\Program Files\JetBrains\IntelliJ IDEA Community Edition 2022.3.2\lib\idea_rt.jar=58758:C:\Program Files\JetBrains\IntelliJ IDEA Community Edition 2022.3.2\bin
23-Sep-2023 16:52:58.339 INFO [main] org.apache.catalina.startup.VersionLoggerListener.log Command line argument: -Dfile.encoding=UTF-8
23-Sep-2023 16:52:58.344 INFO [main] org.apache.catalina.core.AprLifecycleListener.lifecycleEvent Loaded Apache Tomcat Native library [1.2.38] using APR version [1.7.4].
23-Sep-2023 16:52:58.344 INFO [main] org.apache.catalina.core.AprLifecycleListener.lifecycleEvent APR capabilities: IPv6 [true], sendfile [true], accept filters [false], random [true], UDS [true].
23-Sep-2023 16:52:58.344 INFO [main] org.apache.catalina.core.AprLifecycleListener.lifecycleEvent APR/OpenSSL configuration: useAprConnector [false], useOpenSSL [true]
23-Sep-2023 16:52:58.351 INFO [main] org.apache.catalina.core.AprLifecycleListener.initializeSSL OpenSSL successfully initialized [OpenSSL 1.1.1v  1 Aug 2023]
23-Sep-2023 16:52:59.085 INFO [main] org.apache.coyote.AbstractProtocol.init Initializing ProtocolHandler ["http-nio-8080"]
23-Sep-2023 16:52:59.174 INFO [main] org.apache.catalina.startup.Catalina.load Server initialization in [1177] milliseconds
23-Sep-2023 16:52:59.245 INFO [main] org.apache.catalina.core.StandardService.startInternal Starting service [Catalina]
23-Sep-2023 16:52:59.245 INFO [main] org.apache.catalina.core.StandardEngine.startInternal Starting Servlet engine: [Apache Tomcat/9.0.80]
23-Sep-2023 16:52:59.275 INFO [main] org.apache.catalina.startup.HostConfig.deployDescriptor Deploying deployment descriptor [D:\MAHAGAN CLASS\MahagnSoftRepo\Spring_MVC_21.09.23\Spring-MVC-Hospitals-And-Doctors-Web-App\conf\Catalina\localhost\Spring-MVC-Hospitals-And-Doctors-Web-App.xml]
23-Sep-2023 16:53:04.915 INFO [main] org.apache.jasper.servlet.TldScanner.scanJars At least one JAR was scanned for TLDs yet contained no TLDs. Enable debug logging for this logger for a complete list of JARs that were scanned but no TLDs were found in them. Skipping unneeded JARs during scanning can improve startup time and JSP compilation time.
23-Sep-2023 16:53:05.345 WARNING [main] org.apache.catalina.util.SessionIdGeneratorBase.createSecureRandom Creation of SecureRandom instance for session ID generation using [SHA1PRNG] took [317] milliseconds.
23-Sep-2023 16:53:05.655 INFO [main] org.springframework.web.servlet.FrameworkServlet.initServletBean Initializing Servlet 'spring'
23-Sep-2023 16:53:08.579 INFO [main] org.springframework.web.servlet.FrameworkServlet.initServletBean Completed initialization in 2924 ms
23-Sep-2023 16:53:08.594 INFO [main] org.apache.catalina.startup.HostConfig.deployDescriptor Deployment of deployment descriptor [D:\MAHAGAN CLASS\MahagnSoftRepo\Spring_MVC_21.09.23\Spring-MVC-Hospitals-And-Doctors-Web-App\conf\Catalina\localhost\Spring-MVC-Hospitals-And-Doctors-Web-App.xml] has finished in [9,319] ms
23-Sep-2023 16:53:08.598 INFO [main] org.apache.coyote.AbstractProtocol.start Starting ProtocolHandler ["http-nio-8080"]
23-Sep-2023 16:53:08.623 INFO [main] org.apache.catalina.startup.Catalina.start Server startup in [9448] milliseconds
23-Sep-2023 16:53:16.380 WARNING [http-nio-8080-exec-4] org.springframework.web.servlet.DispatcherServlet.noHandlerFound No mapping for GET /Spring-MVC-Hospitals-And-Doctors-Web-App/doctorsearchform
23-Sep-2023 17:09:30.576 INFO [Thread-2] org.apache.coyote.AbstractProtocol.pause Pausing ProtocolHandler ["http-nio-8080"]
23-Sep-2023 17:09:30.728 INFO [Thread-2] org.apache.catalina.core.StandardService.stopInternal Stopping service [Catalina]
23-Sep-2023 17:09:30.762 WARNING [Thread-2] org.apache.catalina.loader.WebappClassLoaderBase.clearReferencesJdbc The web application [Spring-MVC-Hospitals-And-Doctors-Web-App] registered the JDBC driver [com.mysql.cj.jdbc.Driver] but failed to unregister it when the web application was stopped. To prevent a memory leak, the JDBC Driver has been forcibly unregistered.
23-Sep-2023 17:09:30.765 WARNING [Thread-2] org.apache.catalina.loader.WebappClassLoaderBase.clearReferencesThreads The web application [Spring-MVC-Hospitals-And-Doctors-Web-App] appears to have started a thread named [mysql-cj-abandoned-connection-cleanup] but has failed to stop it. This is very likely to create a memory leak. Stack trace of thread:
 java.lang.Object.wait(Native Method)
 java.lang.ref.ReferenceQueue.remove(ReferenceQueue.java:144)
 com.mysql.cj.jdbc.AbandonedConnectionCleanupThread.run(AbandonedConnectionCleanupThread.java:91)
 java.util.concurrent.ThreadPoolExecutor.runWorker(ThreadPoolExecutor.java:1149)
 java.util.concurrent.ThreadPoolExecutor$Worker.run(ThreadPoolExecutor.java:624)
 java.lang.Thread.run(Thread.java:748)
23-Sep-2023 17:09:30.773 INFO [Thread-2] org.apache.coyote.AbstractProtocol.stop Stopping ProtocolHandler ["http-nio-8080"]
23-Sep-2023 17:09:30.786 INFO [Thread-2] org.apache.coyote.AbstractProtocol.destroy Destroying ProtocolHandler ["http-nio-8080"]
23-Sep-2023 17:11:07.222 INFO [main] org.apache.catalina.startup.VersionLoggerListener.log Server version name:   Apache Tomcat/9.0.80
23-Sep-2023 17:11:07.226 INFO [main] org.apache.catalina.startup.VersionLoggerListener.log Server built:          Aug 23 2023 21:59:38 UTC
23-Sep-2023 17:11:07.226 INFO [main] org.apache.catalina.startup.VersionLoggerListener.log Server version number: 9.0.80.0
23-Sep-2023 17:11:07.226 INFO [main] org.apache.catalina.startup.VersionLoggerListener.log OS Name:               Windows 10
23-Sep-2023 17:11:07.226 INFO [main] org.apache.catalina.startup.VersionLoggerListener.log OS Version:            10.0
23-Sep-2023 17:11:07.226 INFO [main] org.apache.catalina.startup.VersionLoggerListener.log Architecture:          amd64
23-Sep-2023 17:11:07.226 INFO [main] org.apache.catalina.startup.VersionLoggerListener.log Java Home:             C:\Program Files\Java\jdk1.8.0_202\jre
23-Sep-2023 17:11:07.226 INFO [main] org.apache.catalina.startup.VersionLoggerListener.log JVM Version:           1.8.0_202-b08
23-Sep-2023 17:11:07.226 INFO [main] org.apache.catalina.startup.VersionLoggerListener.log JVM Vendor:            Oracle Corporation
23-Sep-2023 17:11:07.226 INFO [main] org.apache.catalina.startup.VersionLoggerListener.log CATALINA_BASE:         D:\MAHAGAN CLASS\MahagnSoftRepo\Spring_MVC_21.09.23\Spring-MVC-Hospitals-And-Doctors-Web-App
23-Sep-2023 17:11:07.226 INFO [main] org.apache.catalina.startup.VersionLoggerListener.log CATALINA_HOME:         C:\Program Files\apache-tomcat-9.0.80
23-Sep-2023 17:11:07.228 INFO [main] org.apache.catalina.startup.VersionLoggerListener.log Command line argument: -Dcatalina.home=C:\Program Files\apache-tomcat-9.0.80
23-Sep-2023 17:11:07.228 INFO [main] org.apache.catalina.startup.VersionLoggerListener.log Command line argument: -Dcatalina.base=D:\MAHAGAN CLASS\MahagnSoftRepo\Spring_MVC_21.09.23\Spring-MVC-Hospitals-And-Doctors-Web-App
23-Sep-2023 17:11:07.228 INFO [main] org.apache.catalina.startup.VersionLoggerListener.log Command line argument: -Djava.io.tmpdir=D:\MAHAGAN CLASS\MahagnSoftRepo\Spring_MVC_21.09.23\Spring-MVC-Hospitals-And-Doctors-Web-App\temp
23-Sep-2023 17:11:07.228 INFO [main] org.apache.catalina.startup.VersionLoggerListener.log Command line argument: -Djava.util.logging.config.file=D:\MAHAGAN CLASS\MahagnSoftRepo\Spring_MVC_21.09.23\Spring-MVC-Hospitals-And-Doctors-Web-App\conf\logging.properties
23-Sep-2023 17:11:07.228 INFO [main] org.apache.catalina.startup.VersionLoggerListener.log Command line argument: -Djava.util.logging.manager=org.apache.juli.ClassLoaderLogManager
23-Sep-2023 17:11:07.228 INFO [main] org.apache.catalina.startup.VersionLoggerListener.log Command line argument: -javaagent:C:\Program Files\JetBrains\IntelliJ IDEA Community Edition 2022.3.2\lib\idea_rt.jar=62352:C:\Program Files\JetBrains\IntelliJ IDEA Community Edition 2022.3.2\bin
23-Sep-2023 17:11:07.228 INFO [main] org.apache.catalina.startup.VersionLoggerListener.log Command line argument: -Dfile.encoding=UTF-8
23-Sep-2023 17:11:07.231 INFO [main] org.apache.catalina.core.AprLifecycleListener.lifecycleEvent Loaded Apache Tomcat Native library [1.2.38] using APR version [1.7.4].
23-Sep-2023 17:11:07.231 INFO [main] org.apache.catalina.core.AprLifecycleListener.lifecycleEvent APR capabilities: IPv6 [true], sendfile [true], accept filters [false], random [true], UDS [true].
23-Sep-2023 17:11:07.231 INFO [main] org.apache.catalina.core.AprLifecycleListener.lifecycleEvent APR/OpenSSL configuration: useAprConnector [false], useOpenSSL [true]
23-Sep-2023 17:11:07.238 INFO [main] org.apache.catalina.core.AprLifecycleListener.initializeSSL OpenSSL successfully initialized [OpenSSL 1.1.1v  1 Aug 2023]
23-Sep-2023 17:11:07.763 INFO [main] org.apache.coyote.AbstractProtocol.init Initializing ProtocolHandler ["http-nio-8080"]
23-Sep-2023 17:11:07.783 INFO [main] org.apache.catalina.startup.Catalina.load Server initialization in [833] milliseconds
23-Sep-2023 17:11:07.824 INFO [main] org.apache.catalina.core.StandardService.startInternal Starting service [Catalina]
23-Sep-2023 17:11:07.824 INFO [main] org.apache.catalina.core.StandardEngine.startInternal Starting Servlet engine: [Apache Tomcat/9.0.80]
23-Sep-2023 17:11:07.837 INFO [main] org.apache.catalina.startup.HostConfig.deployDescriptor Deploying deployment descriptor [D:\MAHAGAN CLASS\MahagnSoftRepo\Spring_MVC_21.09.23\Spring-MVC-Hospitals-And-Doctors-Web-App\conf\Catalina\localhost\Spring-MVC-Hospitals-And-Doctors-Web-App.xml]
23-Sep-2023 17:11:11.858 INFO [main] org.apache.jasper.servlet.TldScanner.scanJars At least one JAR was scanned for TLDs yet contained no TLDs. Enable debug logging for this logger for a complete list of JARs that were scanned but no TLDs were found in them. Skipping unneeded JARs during scanning can improve startup time and JSP compilation time.
23-Sep-2023 17:11:12.189 WARNING [main] org.apache.catalina.util.SessionIdGeneratorBase.createSecureRandom Creation of SecureRandom instance for session ID generation using [SHA1PRNG] took [245] milliseconds.
23-Sep-2023 17:11:12.276 INFO [main] org.springframework.web.servlet.FrameworkServlet.initServletBean Initializing Servlet 'spring'
23-Sep-2023 17:11:14.657 INFO [main] org.springframework.web.servlet.FrameworkServlet.initServletBean Completed initialization in 2380 ms
23-Sep-2023 17:11:14.673 INFO [main] org.apache.catalina.startup.HostConfig.deployDescriptor Deployment of deployment descriptor [D:\MAHAGAN CLASS\MahagnSoftRepo\Spring_MVC_21.09.23\Spring-MVC-Hospitals-And-Doctors-Web-App\conf\Catalina\localhost\Spring-MVC-Hospitals-And-Doctors-Web-App.xml] has finished in [6,835] ms
23-Sep-2023 17:11:14.676 INFO [main] org.apache.coyote.AbstractProtocol.start Starting ProtocolHandler ["http-nio-8080"]
23-Sep-2023 17:11:14.697 INFO [main] org.apache.catalina.startup.Catalina.start Server startup in [6912] milliseconds
23-Sep-2023 17:11:21.767 WARNING [http-nio-8080-exec-6] org.springframework.web.servlet.DispatcherServlet.noHandlerFound No mapping for GET /Spring-MVC-Hospitals-And-Doctors-Web-App/doctorsearchform
23-Sep-2023 17:11:31.378 INFO [Thread-2] org.apache.coyote.AbstractProtocol.pause Pausing ProtocolHandler ["http-nio-8080"]
23-Sep-2023 17:11:31.531 INFO [Thread-2] org.apache.catalina.core.StandardService.stopInternal Stopping service [Catalina]
23-Sep-2023 17:11:31.543 WARNING [Thread-2] org.apache.catalina.loader.WebappClassLoaderBase.clearReferencesJdbc The web application [Spring-MVC-Hospitals-And-Doctors-Web-App] registered the JDBC driver [com.mysql.cj.jdbc.Driver] but failed to unregister it when the web application was stopped. To prevent a memory leak, the JDBC Driver has been forcibly unregistered.
23-Sep-2023 17:11:31.544 WARNING [Thread-2] org.apache.catalina.loader.WebappClassLoaderBase.clearReferencesThreads The web application [Spring-MVC-Hospitals-And-Doctors-Web-App] appears to have started a thread named [mysql-cj-abandoned-connection-cleanup] but has failed to stop it. This is very likely to create a memory leak. Stack trace of thread:
 java.lang.Object.wait(Native Method)
 java.lang.ref.ReferenceQueue.remove(ReferenceQueue.java:144)
 com.mysql.cj.jdbc.AbandonedConnectionCleanupThread.run(AbandonedConnectionCleanupThread.java:91)
 java.util.concurrent.ThreadPoolExecutor.runWorker(ThreadPoolExecutor.java:1149)
 java.util.concurrent.ThreadPoolExecutor$Worker.run(ThreadPoolExecutor.java:624)
 java.lang.Thread.run(Thread.java:748)
23-Sep-2023 17:11:31.656 INFO [Thread-2] org.apache.coyote.AbstractProtocol.stop Stopping ProtocolHandler ["http-nio-8080"]
23-Sep-2023 17:11:31.683 INFO [Thread-2] org.apache.coyote.AbstractProtocol.destroy Destroying ProtocolHandler ["http-nio-8080"]
